{"uuid":"04478fa2-213a-4ffb-88f1-4e6da702a77d","historyId":"ee2ecbc4915e4e59e77aecab1bb7fa3a","fullName":"src/main/resources/features/ui/TC1_Login.feature:9","labels":[{"name":"host","value":"L-INE-93T8V93"},{"name":"thread","value":"6388@L-INE-93T8V93.main(1)"},{"name":"feature","value":"Verify Cyclos Login"},{"name":"story","value":"Verify Login with Valid Credentials"},{"name":"suite","value":"Verify Cyclos Login"},{"name":"testClass","value":"Verify Login with Valid Credentials"},{"name":"framework","value":"cucumber4jvm"},{"name":"language","value":"java"},{"name":"gherkin_uri","value":"file:///C:/Users/svaithyanathan/IdeaProjects/ReviewedFrame/src/main/resources/features/ui/TC1_Login.feature"},{"name":"package","value":"src.main.resources.features.ui.TC1_Login_feature.Verify Cyclos Login"}],"links":[],"name":"Verify Login with Valid Credentials","status":"failed","statusDetails":{"known":false,"muted":false,"flaky":false,"message":"expected [  Demo user ] but found [null]","trace":"java.lang.AssertionError: expected [  Demo user ] but found [null]\r\n\tat org.testng.Assert.fail(Assert.java:96)\r\n\tat org.testng.Assert.failNotEquals(Assert.java:776)\r\n\tat org.testng.Assert.assertEqualsImpl(Assert.java:132)\r\n\tat org.testng.Assert.assertEquals(Assert.java:118)\r\n\tat org.testng.Assert.assertEquals(Assert.java:453)\r\n\tat org.testng.Assert.assertEquals(Assert.java:463)\r\n\tat steps.ui.LoginStep.userShouldVerifyAfterLoginSuccessMessage(LoginStep.java:24)\r\n\tat ✽.User should verify after Login success message \"  Demo user \"(file:///C:/Users/svaithyanathan/IdeaProjects/ReviewedFrame/src/main/resources/features/ui/TC1_Login.feature:6)\r\n"},"stage":"finished","steps":[{"name":"Given  User is on the Cyclos LoginPage","status":"passed","statusDetails":{"known":false,"muted":false,"flaky":false},"stage":"finished","steps":[],"attachments":[],"parameters":[],"start":1702456384428,"stop":1702456393296},{"name":"When  User should login \"demo\" and \"1234\"","status":"passed","statusDetails":{"known":false,"muted":false,"flaky":false},"stage":"finished","steps":[],"attachments":[],"parameters":[],"start":1702456393317,"stop":1702456393801},{"name":"Then  User should verify after Login success message \"  Demo user \"","status":"failed","statusDetails":{"known":false,"muted":false,"flaky":false,"message":"expected [  Demo user ] but found [null]","trace":"java.lang.AssertionError: expected [  Demo user ] but found [null]\r\n\tat org.testng.Assert.fail(Assert.java:96)\r\n\tat org.testng.Assert.failNotEquals(Assert.java:776)\r\n\tat org.testng.Assert.assertEqualsImpl(Assert.java:132)\r\n\tat org.testng.Assert.assertEquals(Assert.java:118)\r\n\tat org.testng.Assert.assertEquals(Assert.java:453)\r\n\tat org.testng.Assert.assertEquals(Assert.java:463)\r\n\tat steps.ui.LoginStep.userShouldVerifyAfterLoginSuccessMessage(LoginStep.java:24)\r\n\tat ✽.User should verify after Login success message \"  Demo user \"(file:///C:/Users/svaithyanathan/IdeaProjects/ReviewedFrame/src/main/resources/features/ui/TC1_Login.feature:6)\r\n"},"stage":"finished","steps":[],"attachments":[],"parameters":[],"start":1702456393804,"stop":1702456394549}],"attachments":[],"parameters":[{"name":"userName","value":"demo"},{"name":"password","value":"1234"}],"start":1702456384331,"stop":1702456394640}